0 info it worked if it ends with ok
1 verbose cli [ '/usr/bin/nodejs', '/usr/bin/npm', 'run', 'docs:build' ]
2 info using npm@3.10.10
3 info using node@v6.9.5
4 verbose config Skipping project config: /home/cristian/.npmrc. (matches userconfig)
5 verbose stack Error: missing script: docs:build
5 verbose stack     at run (/usr/lib/node_modules/npm/lib/run-script.js:151:19)
5 verbose stack     at /usr/lib/node_modules/npm/lib/run-script.js:61:5
5 verbose stack     at /usr/lib/node_modules/npm/node_modules/read-package-json/read-json.js:356:5
5 verbose stack     at checkBinReferences_ (/usr/lib/node_modules/npm/node_modules/read-package-json/read-json.js:320:45)
5 verbose stack     at final (/usr/lib/node_modules/npm/node_modules/read-package-json/read-json.js:354:3)
5 verbose stack     at then (/usr/lib/node_modules/npm/node_modules/read-package-json/read-json.js:124:5)
5 verbose stack     at /usr/lib/node_modules/npm/node_modules/read-package-json/read-json.js:243:12
5 verbose stack     at /usr/lib/node_modules/npm/node_modules/graceful-fs/graceful-fs.js:78:16
5 verbose stack     at tryToString (fs.js:455:3)
5 verbose stack     at FSReqWrap.readFileAfterClose [as oncomplete] (fs.js:442:12)
6 verbose cwd /home/cristian/nebtex/go/src/github.com/nebtex/omnibuff
7 error Linux 4.4.0-62-generic
8 error argv "/usr/bin/nodejs" "/usr/bin/npm" "run" "docs:build"
9 error node v6.9.5
10 error npm  v3.10.10
11 error missing script: docs:build
12 error If you need help, you may report this error at:
12 error     <https://github.com/npm/npm/issues>
13 verbose exit [ 1, true ]
